CRITICAL - 2022-06-06 19:04:01 --> Invalid argument supplied for foreach()
#0 C:\xampp\htdocs\husen\app\Views\ui\pengeluaran.php(110): CodeIgniter\Debug\Exceptions->errorHandler(2, 'Invalid argumen...', 'C:\\xampp\\htdocs...', 110, Array)
#1 C:\xampp\htdocs\husen\system\View\View.php(210): include('C:\\xampp\\htdocs...')
#2 C:\xampp\htdocs\husen\system\View\View.php(213): CodeIgniter\View\View->CodeIgniter\View\{closure}()
#3 C:\xampp\htdocs\husen\system\Common.php(1089): CodeIgniter\View\View->render('ui/pengeluaran', Array, true)
#4 C:\xampp\htdocs\husen\app\Controllers\Pengeluaran.php(27): view('ui/pengeluaran', Array)
#5 C:\xampp\htdocs\husen\system\CodeIgniter.php(832): App\Controllers\Pengeluaran->index()
#6 C:\xampp\htdocs\husen\system\CodeIgniter.php(419): CodeIgniter\CodeIgniter->runController(Object(App\Controllers\Pengeluaran))
#7 C:\xampp\htdocs\husen\system\CodeIgniter.php(326): CodeIgniter\CodeIgniter->handleRequest(NULL, Object(Config\Cache), false)
#8 C:\xampp\htdocs\husen\public\index.php(37): CodeIgniter\CodeIgniter->run()
#9 C:\xampp\htdocs\husen\system\Commands\Server\rewrite.php(43): require_once('C:\\xampp\\htdocs...')
#10 {main}
CRITICAL - 2022-06-06 19:04:24 --> Invalid argument supplied for foreach()
#0 C:\xampp\htdocs\husen\app\Views\ui\pengeluaran.php(110): CodeIgniter\Debug\Exceptions->errorHandler(2, 'Invalid argumen...', 'C:\\xampp\\htdocs...', 110, Array)
#1 C:\xampp\htdocs\husen\system\View\View.php(210): include('C:\\xampp\\htdocs...')
#2 C:\xampp\htdocs\husen\system\View\View.php(213): CodeIgniter\View\View->CodeIgniter\View\{closure}()
#3 C:\xampp\htdocs\husen\system\Common.php(1089): CodeIgniter\View\View->render('ui/pengeluaran', Array, true)
#4 C:\xampp\htdocs\husen\app\Controllers\Pengeluaran.php(27): view('ui/pengeluaran', Array)
#5 C:\xampp\htdocs\husen\system\CodeIgniter.php(832): App\Controllers\Pengeluaran->index()
#6 C:\xampp\htdocs\husen\system\CodeIgniter.php(419): CodeIgniter\CodeIgniter->runController(Object(App\Controllers\Pengeluaran))
#7 C:\xampp\htdocs\husen\system\CodeIgniter.php(326): CodeIgniter\CodeIgniter->handleRequest(NULL, Object(Config\Cache), false)
#8 C:\xampp\htdocs\husen\public\index.php(37): CodeIgniter\CodeIgniter->run()
#9 C:\xampp\htdocs\husen\system\Commands\Server\rewrite.php(43): require_once('C:\\xampp\\htdocs...')
#10 {main}
CRITICAL - 2022-06-06 19:04:26 --> Invalid argument supplied for foreach()
#0 C:\xampp\htdocs\husen\app\Views\ui\pengeluaran.php(110): CodeIgniter\Debug\Exceptions->errorHandler(2, 'Invalid argumen...', 'C:\\xampp\\htdocs...', 110, Array)
#1 C:\xampp\htdocs\husen\system\View\View.php(210): include('C:\\xampp\\htdocs...')
#2 C:\xampp\htdocs\husen\system\View\View.php(213): CodeIgniter\View\View->CodeIgniter\View\{closure}()
#3 C:\xampp\htdocs\husen\system\Common.php(1089): CodeIgniter\View\View->render('ui/pengeluaran', Array, true)
#4 C:\xampp\htdocs\husen\app\Controllers\Pengeluaran.php(27): view('ui/pengeluaran', Array)
#5 C:\xampp\htdocs\husen\system\CodeIgniter.php(832): App\Controllers\Pengeluaran->index()
#6 C:\xampp\htdocs\husen\system\CodeIgniter.php(419): CodeIgniter\CodeIgniter->runController(Object(App\Controllers\Pengeluaran))
#7 C:\xampp\htdocs\husen\system\CodeIgniter.php(326): CodeIgniter\CodeIgniter->handleRequest(NULL, Object(Config\Cache), false)
#8 C:\xampp\htdocs\husen\public\index.php(37): CodeIgniter\CodeIgniter->run()
#9 C:\xampp\htdocs\husen\system\Commands\Server\rewrite.php(43): require_once('C:\\xampp\\htdocs...')
#10 {main}
CRITICAL - 2022-06-06 19:04:46 --> Invalid argument supplied for foreach()
#0 C:\xampp\htdocs\husen\app\Views\ui\pengeluaran.php(110): CodeIgniter\Debug\Exceptions->errorHandler(2, 'Invalid argumen...', 'C:\\xampp\\htdocs...', 110, Array)
#1 C:\xampp\htdocs\husen\system\View\View.php(210): include('C:\\xampp\\htdocs...')
#2 C:\xampp\htdocs\husen\system\View\View.php(213): CodeIgniter\View\View->CodeIgniter\View\{closure}()
#3 C:\xampp\htdocs\husen\system\Common.php(1089): CodeIgniter\View\View->render('ui/pengeluaran', Array, true)
#4 C:\xampp\htdocs\husen\app\Controllers\Pengeluaran.php(27): view('ui/pengeluaran', Array)
#5 C:\xampp\htdocs\husen\system\CodeIgniter.php(832): App\Controllers\Pengeluaran->index()
#6 C:\xampp\htdocs\husen\system\CodeIgniter.php(419): CodeIgniter\CodeIgniter->runController(Object(App\Controllers\Pengeluaran))
#7 C:\xampp\htdocs\husen\system\CodeIgniter.php(326): CodeIgniter\CodeIgniter->handleRequest(NULL, Object(Config\Cache), false)
#8 C:\xampp\htdocs\husen\public\index.php(37): CodeIgniter\CodeIgniter->run()
#9 C:\xampp\htdocs\husen\system\Commands\Server\rewrite.php(43): require_once('C:\\xampp\\htdocs...')
#10 {main}
CRITICAL - 2022-06-06 19:05:26 --> Invalid argument supplied for foreach()
#0 C:\xampp\htdocs\husen\app\Views\ui\pengeluaran.php(110): CodeIgniter\Debug\Exceptions->errorHandler(2, 'Invalid argumen...', 'C:\\xampp\\htdocs...', 110, Array)
#1 C:\xampp\htdocs\husen\system\View\View.php(210): include('C:\\xampp\\htdocs...')
#2 C:\xampp\htdocs\husen\system\View\View.php(213): CodeIgniter\View\View->CodeIgniter\View\{closure}()
#3 C:\xampp\htdocs\husen\system\Common.php(1089): CodeIgniter\View\View->render('ui/pengeluaran', Array, true)
#4 C:\xampp\htdocs\husen\app\Controllers\Pengeluaran.php(27): view('ui/pengeluaran', Array)
#5 C:\xampp\htdocs\husen\system\CodeIgniter.php(832): App\Controllers\Pengeluaran->index()
#6 C:\xampp\htdocs\husen\system\CodeIgniter.php(419): CodeIgniter\CodeIgniter->runController(Object(App\Controllers\Pengeluaran))
#7 C:\xampp\htdocs\husen\system\CodeIgniter.php(326): CodeIgniter\CodeIgniter->handleRequest(NULL, Object(Config\Cache), false)
#8 C:\xampp\htdocs\husen\public\index.php(37): CodeIgniter\CodeIgniter->run()
#9 C:\xampp\htdocs\husen\system\Commands\Server\rewrite.php(43): require_once('C:\\xampp\\htdocs...')
#10 {main}
CRITICAL - 2022-06-06 19:10:42 --> Invalid argument supplied for foreach()
#0 C:\xampp\htdocs\husen\app\Views\ui\pengeluaran.php(110): CodeIgniter\Debug\Exceptions->errorHandler(2, 'Invalid argumen...', 'C:\\xampp\\htdocs...', 110, Array)
#1 C:\xampp\htdocs\husen\system\View\View.php(210): include('C:\\xampp\\htdocs...')
#2 C:\xampp\htdocs\husen\system\View\View.php(213): CodeIgniter\View\View->CodeIgniter\View\{closure}()
#3 C:\xampp\htdocs\husen\system\Common.php(1089): CodeIgniter\View\View->render('ui/pengeluaran', Array, true)
#4 C:\xampp\htdocs\husen\app\Controllers\Pengeluaran.php(27): view('ui/pengeluaran', Array)
#5 C:\xampp\htdocs\husen\system\CodeIgniter.php(832): App\Controllers\Pengeluaran->index()
#6 C:\xampp\htdocs\husen\system\CodeIgniter.php(419): CodeIgniter\CodeIgniter->runController(Object(App\Controllers\Pengeluaran))
#7 C:\xampp\htdocs\husen\system\CodeIgniter.php(326): CodeIgniter\CodeIgniter->handleRequest(NULL, Object(Config\Cache), false)
#8 C:\xampp\htdocs\husen\public\index.php(37): CodeIgniter\CodeIgniter->run()
#9 C:\xampp\htdocs\husen\system\Commands\Server\rewrite.php(43): require_once('C:\\xampp\\htdocs...')
#10 {main}
CRITICAL - 2022-06-06 19:14:37 --> Invalid argument supplied for foreach()
#0 C:\xampp\htdocs\husen\app\Views\ui\pengeluaran.php(110): CodeIgniter\Debug\Exceptions->errorHandler(2, 'Invalid argumen...', 'C:\\xampp\\htdocs...', 110, Array)
#1 C:\xampp\htdocs\husen\system\View\View.php(210): include('C:\\xampp\\htdocs...')
#2 C:\xampp\htdocs\husen\system\View\View.php(213): CodeIgniter\View\View->CodeIgniter\View\{closure}()
#3 C:\xampp\htdocs\husen\system\Common.php(1089): CodeIgniter\View\View->render('ui/pengeluaran', Array, true)
#4 C:\xampp\htdocs\husen\app\Controllers\Pengeluaran.php(27): view('ui/pengeluaran', Array)
#5 C:\xampp\htdocs\husen\system\CodeIgniter.php(832): App\Controllers\Pengeluaran->index()
#6 C:\xampp\htdocs\husen\system\CodeIgniter.php(419): CodeIgniter\CodeIgniter->runController(Object(App\Controllers\Pengeluaran))
#7 C:\xampp\htdocs\husen\system\CodeIgniter.php(326): CodeIgniter\CodeIgniter->handleRequest(NULL, Object(Config\Cache), false)
#8 C:\xampp\htdocs\husen\public\index.php(37): CodeIgniter\CodeIgniter->run()
#9 C:\xampp\htdocs\husen\system\Commands\Server\rewrite.php(43): require_once('C:\\xampp\\htdocs...')
#10 {main}
ERROR - 2022-06-06 19:16:41 --> You have an error in your SQL syntax; check the manual that corresponds to your MariaDB server version for the right syntax to use near 'INNER JOIN user ON gaji.id_user = user.id' at line 2
CRITICAL - 2022-06-06 19:16:41 --> You have an error in your SQL syntax; check the manual that corresponds to your MariaDB server version for the right syntax to use near 'INNER JOIN user ON gaji.id_user = user.id' at line 2
#0 C:\xampp\htdocs\husen\system\Database\MySQLi\Connection.php(292): mysqli->query('SELECT gaji.id,...', 0)
#1 C:\xampp\htdocs\husen\system\Database\BaseConnection.php(670): CodeIgniter\Database\MySQLi\Connection->execute('SELECT gaji.id,...')
#2 C:\xampp\htdocs\husen\system\Database\BaseConnection.php(598): CodeIgniter\Database\BaseConnection->simpleQuery('SELECT gaji.id,...')
#3 C:\xampp\htdocs\husen\system\Model.php(726): CodeIgniter\Database\BaseConnection->query('SELECT gaji.id,...')
#4 C:\xampp\htdocs\husen\app\Models\GajiModel.php(24): CodeIgniter\Model->__call('query', Array)
#5 C:\xampp\htdocs\husen\app\Controllers\Pengeluaran.php(23): App\Models\GajiModel->getGaji()
#6 C:\xampp\htdocs\husen\system\CodeIgniter.php(832): App\Controllers\Pengeluaran->index()
#7 C:\xampp\htdocs\husen\system\CodeIgniter.php(419): CodeIgniter\CodeIgniter->runController(Object(App\Controllers\Pengeluaran))
#8 C:\xampp\htdocs\husen\system\CodeIgniter.php(326): CodeIgniter\CodeIgniter->handleRequest(NULL, Object(Config\Cache), false)
#9 C:\xampp\htdocs\husen\public\index.php(37): CodeIgniter\CodeIgniter->run()
#10 C:\xampp\htdocs\husen\system\Commands\Server\rewrite.php(43): require_once('C:\\xampp\\htdocs...')
#11 {main}
CRITICAL - 2022-06-06 19:34:32 --> Invalid argument supplied for foreach()
#0 C:\xampp\htdocs\husen\app\Views\ui\form_gaji.php(46): CodeIgniter\Debug\Exceptions->errorHandler(2, 'Invalid argumen...', 'C:\\xampp\\htdocs...', 46, Array)
#1 C:\xampp\htdocs\husen\system\View\View.php(210): include('C:\\xampp\\htdocs...')
#2 C:\xampp\htdocs\husen\system\View\View.php(213): CodeIgniter\View\View->CodeIgniter\View\{closure}()
#3 C:\xampp\htdocs\husen\system\Common.php(1089): CodeIgniter\View\View->render('ui/form_gaji', Array, true)
#4 C:\xampp\htdocs\husen\app\Controllers\Pengeluaran.php(47): view('ui/form_gaji')
#5 C:\xampp\htdocs\husen\system\CodeIgniter.php(832): App\Controllers\Pengeluaran->gaji()
#6 C:\xampp\htdocs\husen\system\CodeIgniter.php(419): CodeIgniter\CodeIgniter->runController(Object(App\Controllers\Pengeluaran))
#7 C:\xampp\htdocs\husen\system\CodeIgniter.php(326): CodeIgniter\CodeIgniter->handleRequest(NULL, Object(Config\Cache), false)
#8 C:\xampp\htdocs\husen\public\index.php(37): CodeIgniter\CodeIgniter->run()
#9 C:\xampp\htdocs\husen\system\Commands\Server\rewrite.php(43): require_once('C:\\xampp\\htdocs...')
#10 {main}
CRITICAL - 2022-06-06 19:35:04 --> Invalid argument supplied for foreach()
#0 C:\xampp\htdocs\husen\app\Views\ui\form_gaji.php(46): CodeIgniter\Debug\Exceptions->errorHandler(2, 'Invalid argumen...', 'C:\\xampp\\htdocs...', 46, Array)
#1 C:\xampp\htdocs\husen\system\View\View.php(210): include('C:\\xampp\\htdocs...')
#2 C:\xampp\htdocs\husen\system\View\View.php(213): CodeIgniter\View\View->CodeIgniter\View\{closure}()
#3 C:\xampp\htdocs\husen\system\Common.php(1089): CodeIgniter\View\View->render('ui/form_gaji', Array, true)
#4 C:\xampp\htdocs\husen\app\Controllers\Pengeluaran.php(47): view('ui/form_gaji')
#5 C:\xampp\htdocs\husen\system\CodeIgniter.php(832): App\Controllers\Pengeluaran->gaji()
#6 C:\xampp\htdocs\husen\system\CodeIgniter.php(419): CodeIgniter\CodeIgniter->runController(Object(App\Controllers\Pengeluaran))
#7 C:\xampp\htdocs\husen\system\CodeIgniter.php(326): CodeIgniter\CodeIgniter->handleRequest(NULL, Object(Config\Cache), false)
#8 C:\xampp\htdocs\husen\public\index.php(37): CodeIgniter\CodeIgniter->run()
#9 C:\xampp\htdocs\husen\system\Commands\Server\rewrite.php(43): require_once('C:\\xampp\\htdocs...')
#10 {main}
CRITICAL - 2022-06-06 19:36:47 --> Invalid argument supplied for foreach()
#0 C:\xampp\htdocs\husen\app\Views\ui\form_gaji.php(46): CodeIgniter\Debug\Exceptions->errorHandler(2, 'Invalid argumen...', 'C:\\xampp\\htdocs...', 46, Array)
#1 C:\xampp\htdocs\husen\system\View\View.php(210): include('C:\\xampp\\htdocs...')
#2 C:\xampp\htdocs\husen\system\View\View.php(213): CodeIgniter\View\View->CodeIgniter\View\{closure}()
#3 C:\xampp\htdocs\husen\system\Common.php(1089): CodeIgniter\View\View->render('ui/form_gaji', Array, true)
#4 C:\xampp\htdocs\husen\app\Controllers\Pengeluaran.php(49): view('ui/form_gaji')
#5 C:\xampp\htdocs\husen\system\CodeIgniter.php(832): App\Controllers\Pengeluaran->gaji()
#6 C:\xampp\htdocs\husen\system\CodeIgniter.php(419): CodeIgniter\CodeIgniter->runController(Object(App\Controllers\Pengeluaran))
#7 C:\xampp\htdocs\husen\system\CodeIgniter.php(326): CodeIgniter\CodeIgniter->handleRequest(NULL, Object(Config\Cache), false)
#8 C:\xampp\htdocs\husen\public\index.php(37): CodeIgniter\CodeIgniter->run()
#9 C:\xampp\htdocs\husen\system\Commands\Server\rewrite.php(43): require_once('C:\\xampp\\htdocs...')
#10 {main}
CRITICAL - 2022-06-06 19:36:49 --> Invalid argument supplied for foreach()
#0 C:\xampp\htdocs\husen\app\Views\ui\form_gaji.php(46): CodeIgniter\Debug\Exceptions->errorHandler(2, 'Invalid argumen...', 'C:\\xampp\\htdocs...', 46, Array)
#1 C:\xampp\htdocs\husen\system\View\View.php(210): include('C:\\xampp\\htdocs...')
#2 C:\xampp\htdocs\husen\system\View\View.php(213): CodeIgniter\View\View->CodeIgniter\View\{closure}()
#3 C:\xampp\htdocs\husen\system\Common.php(1089): CodeIgniter\View\View->render('ui/form_gaji', Array, true)
#4 C:\xampp\htdocs\husen\app\Controllers\Pengeluaran.php(49): view('ui/form_gaji')
#5 C:\xampp\htdocs\husen\system\CodeIgniter.php(832): App\Controllers\Pengeluaran->gaji()
#6 C:\xampp\htdocs\husen\system\CodeIgniter.php(419): CodeIgniter\CodeIgniter->runController(Object(App\Controllers\Pengeluaran))
#7 C:\xampp\htdocs\husen\system\CodeIgniter.php(326): CodeIgniter\CodeIgniter->handleRequest(NULL, Object(Config\Cache), false)
#8 C:\xampp\htdocs\husen\public\index.php(37): CodeIgniter\CodeIgniter->run()
#9 C:\xampp\htdocs\husen\system\Commands\Server\rewrite.php(43): require_once('C:\\xampp\\htdocs...')
#10 {main}
ERROR - 2022-06-06 19:40:11 --> Column 'keterangan' cannot be null
CRITICAL - 2022-06-06 19:40:11 --> Column 'keterangan' cannot be null
#0 C:\xampp\htdocs\husen\system\Database\MySQLi\Connection.php(292): mysqli->query('INSERT INTO `ov...', 0)
#1 C:\xampp\htdocs\husen\system\Database\BaseConnection.php(670): CodeIgniter\Database\MySQLi\Connection->execute('INSERT INTO `ov...')
#2 C:\xampp\htdocs\husen\system\Database\BaseConnection.php(598): CodeIgniter\Database\BaseConnection->simpleQuery('INSERT INTO `ov...')
#3 C:\xampp\htdocs\husen\system\Database\BaseBuilder.php(1771): CodeIgniter\Database\BaseConnection->query('INSERT INTO `ov...', Array, false)
#4 C:\xampp\htdocs\husen\system\Model.php(239): CodeIgniter\Database\BaseBuilder->insert()
#5 C:\xampp\htdocs\husen\system\BaseModel.php(738): CodeIgniter\Model->doInsert(Array)
#6 C:\xampp\htdocs\husen\system\Model.php(625): CodeIgniter\BaseModel->insert(Array, false)
#7 C:\xampp\htdocs\husen\system\BaseModel.php(658): CodeIgniter\Model->insert(Array, false)
#8 C:\xampp\htdocs\husen\app\Controllers\Pengeluaran.php(86): CodeIgniter\BaseModel->save(Array)
#9 C:\xampp\htdocs\husen\system\CodeIgniter.php(832): App\Controllers\Pengeluaran->tambahbiayaoverhead()
#10 C:\xampp\htdocs\husen\system\CodeIgniter.php(419): CodeIgniter\CodeIgniter->runController(Object(App\Controllers\Pengeluaran))
#11 C:\xampp\htdocs\husen\system\CodeIgniter.php(326): CodeIgniter\CodeIgniter->handleRequest(NULL, Object(Config\Cache), false)
#12 C:\xampp\htdocs\husen\public\index.php(37): CodeIgniter\CodeIgniter->run()
#13 C:\xampp\htdocs\husen\system\Commands\Server\rewrite.php(43): require_once('C:\\xampp\\htdocs...')
#14 {main}
