CRITICAL - 2022-05-23 04:45:43 --> Undefined index: id
#0 C:\xampp\htdocs\husen\app\Views\ui\pemasukan.php(218): CodeIgniter\Debug\Exceptions->errorHandler(8, 'Undefined index...', 'C:\\xampp\\htdocs...', 218, Array)
#1 C:\xampp\htdocs\husen\system\View\View.php(210): include('C:\\xampp\\htdocs...')
#2 C:\xampp\htdocs\husen\system\View\View.php(213): CodeIgniter\View\View->CodeIgniter\View\{closure}()
#3 C:\xampp\htdocs\husen\system\Common.php(1089): CodeIgniter\View\View->render('ui/pemasukan', Array, true)
#4 C:\xampp\htdocs\husen\app\Controllers\Pemasukan.php(24): view('ui/pemasukan', Array)
#5 C:\xampp\htdocs\husen\system\CodeIgniter.php(832): App\Controllers\Pemasukan->index()
#6 C:\xampp\htdocs\husen\system\CodeIgniter.php(419): CodeIgniter\CodeIgniter->runController(Object(App\Controllers\Pemasukan))
#7 C:\xampp\htdocs\husen\system\CodeIgniter.php(326): CodeIgniter\CodeIgniter->handleRequest(NULL, Object(Config\Cache), false)
#8 C:\xampp\htdocs\husen\public\index.php(37): CodeIgniter\CodeIgniter->run()
#9 C:\xampp\htdocs\husen\system\Commands\Server\rewrite.php(43): require_once('C:\\xampp\\htdocs...')
#10 {main}
CRITICAL - 2022-05-23 04:46:39 --> Undefined index: id
#0 C:\xampp\htdocs\husen\app\Views\ui\pemasukan.php(218): CodeIgniter\Debug\Exceptions->errorHandler(8, 'Undefined index...', 'C:\\xampp\\htdocs...', 218, Array)
#1 C:\xampp\htdocs\husen\system\View\View.php(210): include('C:\\xampp\\htdocs...')
#2 C:\xampp\htdocs\husen\system\View\View.php(213): CodeIgniter\View\View->CodeIgniter\View\{closure}()
#3 C:\xampp\htdocs\husen\system\Common.php(1089): CodeIgniter\View\View->render('ui/pemasukan', Array, true)
#4 C:\xampp\htdocs\husen\app\Controllers\Pemasukan.php(24): view('ui/pemasukan', Array)
#5 C:\xampp\htdocs\husen\system\CodeIgniter.php(832): App\Controllers\Pemasukan->index()
#6 C:\xampp\htdocs\husen\system\CodeIgniter.php(419): CodeIgniter\CodeIgniter->runController(Object(App\Controllers\Pemasukan))
#7 C:\xampp\htdocs\husen\system\CodeIgniter.php(326): CodeIgniter\CodeIgniter->handleRequest(NULL, Object(Config\Cache), false)
#8 C:\xampp\htdocs\husen\public\index.php(37): CodeIgniter\CodeIgniter->run()
#9 C:\xampp\htdocs\husen\system\Commands\Server\rewrite.php(43): require_once('C:\\xampp\\htdocs...')
#10 {main}
CRITICAL - 2022-05-23 04:46:41 --> Undefined index: id
#0 C:\xampp\htdocs\husen\app\Views\ui\pemasukan.php(218): CodeIgniter\Debug\Exceptions->errorHandler(8, 'Undefined index...', 'C:\\xampp\\htdocs...', 218, Array)
#1 C:\xampp\htdocs\husen\system\View\View.php(210): include('C:\\xampp\\htdocs...')
#2 C:\xampp\htdocs\husen\system\View\View.php(213): CodeIgniter\View\View->CodeIgniter\View\{closure}()
#3 C:\xampp\htdocs\husen\system\Common.php(1089): CodeIgniter\View\View->render('ui/pemasukan', Array, true)
#4 C:\xampp\htdocs\husen\app\Controllers\Pemasukan.php(24): view('ui/pemasukan', Array)
#5 C:\xampp\htdocs\husen\system\CodeIgniter.php(832): App\Controllers\Pemasukan->index()
#6 C:\xampp\htdocs\husen\system\CodeIgniter.php(419): CodeIgniter\CodeIgniter->runController(Object(App\Controllers\Pemasukan))
#7 C:\xampp\htdocs\husen\system\CodeIgniter.php(326): CodeIgniter\CodeIgniter->handleRequest(NULL, Object(Config\Cache), false)
#8 C:\xampp\htdocs\husen\public\index.php(37): CodeIgniter\CodeIgniter->run()
#9 C:\xampp\htdocs\husen\system\Commands\Server\rewrite.php(43): require_once('C:\\xampp\\htdocs...')
#10 {main}
CRITICAL - 2022-05-23 04:48:49 --> Undefined index: id
#0 C:\xampp\htdocs\husen\app\Views\ui\pemasukan.php(218): CodeIgniter\Debug\Exceptions->errorHandler(8, 'Undefined index...', 'C:\\xampp\\htdocs...', 218, Array)
#1 C:\xampp\htdocs\husen\system\View\View.php(210): include('C:\\xampp\\htdocs...')
#2 C:\xampp\htdocs\husen\system\View\View.php(213): CodeIgniter\View\View->CodeIgniter\View\{closure}()
#3 C:\xampp\htdocs\husen\system\Common.php(1089): CodeIgniter\View\View->render('ui/pemasukan', Array, true)
#4 C:\xampp\htdocs\husen\app\Controllers\Pemasukan.php(24): view('ui/pemasukan', Array)
#5 C:\xampp\htdocs\husen\system\CodeIgniter.php(832): App\Controllers\Pemasukan->index()
#6 C:\xampp\htdocs\husen\system\CodeIgniter.php(419): CodeIgniter\CodeIgniter->runController(Object(App\Controllers\Pemasukan))
#7 C:\xampp\htdocs\husen\system\CodeIgniter.php(326): CodeIgniter\CodeIgniter->handleRequest(NULL, Object(Config\Cache), false)
#8 C:\xampp\htdocs\husen\public\index.php(37): CodeIgniter\CodeIgniter->run()
#9 C:\xampp\htdocs\husen\system\Commands\Server\rewrite.php(43): require_once('C:\\xampp\\htdocs...')
#10 {main}
CRITICAL - 2022-05-23 04:48:51 --> Undefined index: id
#0 C:\xampp\htdocs\husen\app\Views\ui\pemasukan.php(218): CodeIgniter\Debug\Exceptions->errorHandler(8, 'Undefined index...', 'C:\\xampp\\htdocs...', 218, Array)
#1 C:\xampp\htdocs\husen\system\View\View.php(210): include('C:\\xampp\\htdocs...')
#2 C:\xampp\htdocs\husen\system\View\View.php(213): CodeIgniter\View\View->CodeIgniter\View\{closure}()
#3 C:\xampp\htdocs\husen\system\Common.php(1089): CodeIgniter\View\View->render('ui/pemasukan', Array, true)
#4 C:\xampp\htdocs\husen\app\Controllers\Pemasukan.php(24): view('ui/pemasukan', Array)
#5 C:\xampp\htdocs\husen\system\CodeIgniter.php(832): App\Controllers\Pemasukan->index()
#6 C:\xampp\htdocs\husen\system\CodeIgniter.php(419): CodeIgniter\CodeIgniter->runController(Object(App\Controllers\Pemasukan))
#7 C:\xampp\htdocs\husen\system\CodeIgniter.php(326): CodeIgniter\CodeIgniter->handleRequest(NULL, Object(Config\Cache), false)
#8 C:\xampp\htdocs\husen\public\index.php(37): CodeIgniter\CodeIgniter->run()
#9 C:\xampp\htdocs\husen\system\Commands\Server\rewrite.php(43): require_once('C:\\xampp\\htdocs...')
#10 {main}
CRITICAL - 2022-05-23 04:49:36 --> Undefined index: id
#0 C:\xampp\htdocs\husen\app\Views\ui\pemasukan.php(218): CodeIgniter\Debug\Exceptions->errorHandler(8, 'Undefined index...', 'C:\\xampp\\htdocs...', 218, Array)
#1 C:\xampp\htdocs\husen\system\View\View.php(210): include('C:\\xampp\\htdocs...')
#2 C:\xampp\htdocs\husen\system\View\View.php(213): CodeIgniter\View\View->CodeIgniter\View\{closure}()
#3 C:\xampp\htdocs\husen\system\Common.php(1089): CodeIgniter\View\View->render('ui/pemasukan', Array, true)
#4 C:\xampp\htdocs\husen\app\Controllers\Pemasukan.php(24): view('ui/pemasukan', Array)
#5 C:\xampp\htdocs\husen\system\CodeIgniter.php(832): App\Controllers\Pemasukan->index()
#6 C:\xampp\htdocs\husen\system\CodeIgniter.php(419): CodeIgniter\CodeIgniter->runController(Object(App\Controllers\Pemasukan))
#7 C:\xampp\htdocs\husen\system\CodeIgniter.php(326): CodeIgniter\CodeIgniter->handleRequest(NULL, Object(Config\Cache), false)
#8 C:\xampp\htdocs\husen\public\index.php(37): CodeIgniter\CodeIgniter->run()
#9 C:\xampp\htdocs\husen\system\Commands\Server\rewrite.php(43): require_once('C:\\xampp\\htdocs...')
#10 {main}
CRITICAL - 2022-05-23 04:49:38 --> Undefined index: id
#0 C:\xampp\htdocs\husen\app\Views\ui\pemasukan.php(218): CodeIgniter\Debug\Exceptions->errorHandler(8, 'Undefined index...', 'C:\\xampp\\htdocs...', 218, Array)
#1 C:\xampp\htdocs\husen\system\View\View.php(210): include('C:\\xampp\\htdocs...')
#2 C:\xampp\htdocs\husen\system\View\View.php(213): CodeIgniter\View\View->CodeIgniter\View\{closure}()
#3 C:\xampp\htdocs\husen\system\Common.php(1089): CodeIgniter\View\View->render('ui/pemasukan', Array, true)
#4 C:\xampp\htdocs\husen\app\Controllers\Pemasukan.php(24): view('ui/pemasukan', Array)
#5 C:\xampp\htdocs\husen\system\CodeIgniter.php(832): App\Controllers\Pemasukan->index()
#6 C:\xampp\htdocs\husen\system\CodeIgniter.php(419): CodeIgniter\CodeIgniter->runController(Object(App\Controllers\Pemasukan))
#7 C:\xampp\htdocs\husen\system\CodeIgniter.php(326): CodeIgniter\CodeIgniter->handleRequest(NULL, Object(Config\Cache), false)
#8 C:\xampp\htdocs\husen\public\index.php(37): CodeIgniter\CodeIgniter->run()
#9 C:\xampp\htdocs\husen\system\Commands\Server\rewrite.php(43): require_once('C:\\xampp\\htdocs...')
#10 {main}
CRITICAL - 2022-05-23 04:50:08 --> Undefined index: id
#0 C:\xampp\htdocs\husen\app\Views\ui\pemasukan.php(218): CodeIgniter\Debug\Exceptions->errorHandler(8, 'Undefined index...', 'C:\\xampp\\htdocs...', 218, Array)
#1 C:\xampp\htdocs\husen\system\View\View.php(210): include('C:\\xampp\\htdocs...')
#2 C:\xampp\htdocs\husen\system\View\View.php(213): CodeIgniter\View\View->CodeIgniter\View\{closure}()
#3 C:\xampp\htdocs\husen\system\Common.php(1089): CodeIgniter\View\View->render('ui/pemasukan', Array, true)
#4 C:\xampp\htdocs\husen\app\Controllers\Pemasukan.php(24): view('ui/pemasukan', Array)
#5 C:\xampp\htdocs\husen\system\CodeIgniter.php(832): App\Controllers\Pemasukan->index()
#6 C:\xampp\htdocs\husen\system\CodeIgniter.php(419): CodeIgniter\CodeIgniter->runController(Object(App\Controllers\Pemasukan))
#7 C:\xampp\htdocs\husen\system\CodeIgniter.php(326): CodeIgniter\CodeIgniter->handleRequest(NULL, Object(Config\Cache), false)
#8 C:\xampp\htdocs\husen\public\index.php(37): CodeIgniter\CodeIgniter->run()
#9 C:\xampp\htdocs\husen\system\Commands\Server\rewrite.php(43): require_once('C:\\xampp\\htdocs...')
#10 {main}
CRITICAL - 2022-05-23 04:56:15 --> Undefined index: id
#0 C:\xampp\htdocs\husen\app\Views\ui\pemasukan.php(218): CodeIgniter\Debug\Exceptions->errorHandler(8, 'Undefined index...', 'C:\\xampp\\htdocs...', 218, Array)
#1 C:\xampp\htdocs\husen\system\View\View.php(210): include('C:\\xampp\\htdocs...')
#2 C:\xampp\htdocs\husen\system\View\View.php(213): CodeIgniter\View\View->CodeIgniter\View\{closure}()
#3 C:\xampp\htdocs\husen\system\Common.php(1089): CodeIgniter\View\View->render('ui/pemasukan', Array, true)
#4 C:\xampp\htdocs\husen\app\Controllers\Pemasukan.php(24): view('ui/pemasukan', Array)
#5 C:\xampp\htdocs\husen\system\CodeIgniter.php(832): App\Controllers\Pemasukan->index()
#6 C:\xampp\htdocs\husen\system\CodeIgniter.php(419): CodeIgniter\CodeIgniter->runController(Object(App\Controllers\Pemasukan))
#7 C:\xampp\htdocs\husen\system\CodeIgniter.php(326): CodeIgniter\CodeIgniter->handleRequest(NULL, Object(Config\Cache), false)
#8 C:\xampp\htdocs\husen\public\index.php(37): CodeIgniter\CodeIgniter->run()
#9 C:\xampp\htdocs\husen\system\Commands\Server\rewrite.php(43): require_once('C:\\xampp\\htdocs...')
#10 {main}
CRITICAL - 2022-05-23 04:57:09 --> Undefined index: id
#0 C:\xampp\htdocs\husen\app\Views\ui\pemasukan.php(218): CodeIgniter\Debug\Exceptions->errorHandler(8, 'Undefined index...', 'C:\\xampp\\htdocs...', 218, Array)
#1 C:\xampp\htdocs\husen\system\View\View.php(210): include('C:\\xampp\\htdocs...')
#2 C:\xampp\htdocs\husen\system\View\View.php(213): CodeIgniter\View\View->CodeIgniter\View\{closure}()
#3 C:\xampp\htdocs\husen\system\Common.php(1089): CodeIgniter\View\View->render('ui/pemasukan', Array, true)
#4 C:\xampp\htdocs\husen\app\Controllers\Pemasukan.php(24): view('ui/pemasukan', Array)
#5 C:\xampp\htdocs\husen\system\CodeIgniter.php(832): App\Controllers\Pemasukan->index()
#6 C:\xampp\htdocs\husen\system\CodeIgniter.php(419): CodeIgniter\CodeIgniter->runController(Object(App\Controllers\Pemasukan))
#7 C:\xampp\htdocs\husen\system\CodeIgniter.php(326): CodeIgniter\CodeIgniter->handleRequest(NULL, Object(Config\Cache), false)
#8 C:\xampp\htdocs\husen\public\index.php(37): CodeIgniter\CodeIgniter->run()
#9 C:\xampp\htdocs\husen\system\Commands\Server\rewrite.php(43): require_once('C:\\xampp\\htdocs...')
#10 {main}
CRITICAL - 2022-05-23 04:57:37 --> Undefined index: id
#0 C:\xampp\htdocs\husen\app\Views\ui\pemasukan.php(218): CodeIgniter\Debug\Exceptions->errorHandler(8, 'Undefined index...', 'C:\\xampp\\htdocs...', 218, Array)
#1 C:\xampp\htdocs\husen\system\View\View.php(210): include('C:\\xampp\\htdocs...')
#2 C:\xampp\htdocs\husen\system\View\View.php(213): CodeIgniter\View\View->CodeIgniter\View\{closure}()
#3 C:\xampp\htdocs\husen\system\Common.php(1089): CodeIgniter\View\View->render('ui/pemasukan', Array, true)
#4 C:\xampp\htdocs\husen\app\Controllers\Pemasukan.php(24): view('ui/pemasukan', Array)
#5 C:\xampp\htdocs\husen\system\CodeIgniter.php(832): App\Controllers\Pemasukan->index()
#6 C:\xampp\htdocs\husen\system\CodeIgniter.php(419): CodeIgniter\CodeIgniter->runController(Object(App\Controllers\Pemasukan))
#7 C:\xampp\htdocs\husen\system\CodeIgniter.php(326): CodeIgniter\CodeIgniter->handleRequest(NULL, Object(Config\Cache), false)
#8 C:\xampp\htdocs\husen\public\index.php(37): CodeIgniter\CodeIgniter->run()
#9 C:\xampp\htdocs\husen\system\Commands\Server\rewrite.php(43): require_once('C:\\xampp\\htdocs...')
#10 {main}
CRITICAL - 2022-05-23 05:01:51 --> Undefined property: App\Controllers\Pemasukan::$transaksireseller
#0 C:\xampp\htdocs\husen\app\Controllers\Pemasukan.php(76): CodeIgniter\Debug\Exceptions->errorHandler(8, 'Undefined prope...', 'C:\\xampp\\htdocs...', 76, Array)
#1 C:\xampp\htdocs\husen\system\CodeIgniter.php(832): App\Controllers\Pemasukan->deletetransaksireseller('2')
#2 C:\xampp\htdocs\husen\system\CodeIgniter.php(419): CodeIgniter\CodeIgniter->runController(Object(App\Controllers\Pemasukan))
#3 C:\xampp\htdocs\husen\system\CodeIgniter.php(326): CodeIgniter\CodeIgniter->handleRequest(NULL, Object(Config\Cache), false)
#4 C:\xampp\htdocs\husen\public\index.php(37): CodeIgniter\CodeIgniter->run()
#5 C:\xampp\htdocs\husen\system\Commands\Server\rewrite.php(43): require_once('C:\\xampp\\htdocs...')
#6 {main}
CRITICAL - 2022-05-23 05:03:22 --> Undefined property: App\Controllers\Pemasukan::$row
#0 C:\xampp\htdocs\husen\app\Controllers\Pemasukan.php(75): CodeIgniter\Debug\Exceptions->errorHandler(8, 'Undefined prope...', 'C:\\xampp\\htdocs...', 75, Array)
#1 C:\xampp\htdocs\husen\system\CodeIgniter.php(832): App\Controllers\Pemasukan->deletetransaksireseller('2')
#2 C:\xampp\htdocs\husen\system\CodeIgniter.php(419): CodeIgniter\CodeIgniter->runController(Object(App\Controllers\Pemasukan))
#3 C:\xampp\htdocs\husen\system\CodeIgniter.php(326): CodeIgniter\CodeIgniter->handleRequest(NULL, Object(Config\Cache), false)
#4 C:\xampp\htdocs\husen\public\index.php(37): CodeIgniter\CodeIgniter->run()
#5 C:\xampp\htdocs\husen\system\Commands\Server\rewrite.php(43): require_once('C:\\xampp\\htdocs...')
#6 {main}
CRITICAL - 2022-05-23 05:03:59 --> Undefined property: App\Controllers\Pemasukan::$transaksireseller
#0 C:\xampp\htdocs\husen\app\Controllers\Pemasukan.php(76): CodeIgniter\Debug\Exceptions->errorHandler(8, 'Undefined prope...', 'C:\\xampp\\htdocs...', 76, Array)
#1 C:\xampp\htdocs\husen\system\CodeIgniter.php(832): App\Controllers\Pemasukan->deletetransaksireseller('2')
#2 C:\xampp\htdocs\husen\system\CodeIgniter.php(419): CodeIgniter\CodeIgniter->runController(Object(App\Controllers\Pemasukan))
#3 C:\xampp\htdocs\husen\system\CodeIgniter.php(326): CodeIgniter\CodeIgniter->handleRequest(NULL, Object(Config\Cache), false)
#4 C:\xampp\htdocs\husen\public\index.php(37): CodeIgniter\CodeIgniter->run()
#5 C:\xampp\htdocs\husen\system\Commands\Server\rewrite.php(43): require_once('C:\\xampp\\htdocs...')
#6 {main}
CRITICAL - 2022-05-23 05:15:40 --> A non-numeric value encountered
#0 C:\xampp\htdocs\husen\app\Controllers\Pengeluaran.php(44): CodeIgniter\Debug\Exceptions->errorHandler(2, 'A non-numeric v...', 'C:\\xampp\\htdocs...', 44, Array)
#1 C:\xampp\htdocs\husen\system\CodeIgniter.php(832): App\Controllers\Pengeluaran->tambahpembelianbarang()
#2 C:\xampp\htdocs\husen\system\CodeIgniter.php(419): CodeIgniter\CodeIgniter->runController(Object(App\Controllers\Pengeluaran))
#3 C:\xampp\htdocs\husen\system\CodeIgniter.php(326): CodeIgniter\CodeIgniter->handleRequest(NULL, Object(Config\Cache), false)
#4 C:\xampp\htdocs\husen\public\index.php(37): CodeIgniter\CodeIgniter->run()
#5 C:\xampp\htdocs\husen\system\Commands\Server\rewrite.php(43): require_once('C:\\xampp\\htdocs...')
#6 {main}
CRITICAL - 2022-05-23 05:16:56 --> A non-numeric value encountered
#0 C:\xampp\htdocs\husen\app\Controllers\Pengeluaran.php(44): CodeIgniter\Debug\Exceptions->errorHandler(2, 'A non-numeric v...', 'C:\\xampp\\htdocs...', 44, Array)
#1 C:\xampp\htdocs\husen\system\CodeIgniter.php(832): App\Controllers\Pengeluaran->tambahpembelianbarang()
#2 C:\xampp\htdocs\husen\system\CodeIgniter.php(419): CodeIgniter\CodeIgniter->runController(Object(App\Controllers\Pengeluaran))
#3 C:\xampp\htdocs\husen\system\CodeIgniter.php(326): CodeIgniter\CodeIgniter->handleRequest(NULL, Object(Config\Cache), false)
#4 C:\xampp\htdocs\husen\public\index.php(37): CodeIgniter\CodeIgniter->run()
#5 C:\xampp\htdocs\husen\system\Commands\Server\rewrite.php(43): require_once('C:\\xampp\\htdocs...')
#6 {main}
