CRITICAL - 2022-05-18 01:20:10 --> Undefined variable: barang
#0 C:\xampp\htdocs\husen\app\Views\ui\form_pembelianBarang.php(55): CodeIgniter\Debug\Exceptions->errorHandler(8, 'Undefined varia...', 'C:\\xampp\\htdocs...', 55, Array)
#1 C:\xampp\htdocs\husen\system\View\View.php(210): include('C:\\xampp\\htdocs...')
#2 C:\xampp\htdocs\husen\system\View\View.php(213): CodeIgniter\View\View->CodeIgniter\View\{closure}()
#3 C:\xampp\htdocs\husen\system\Common.php(1089): CodeIgniter\View\View->render('ui/form_pembeli...', Array, true)
#4 C:\xampp\htdocs\husen\app\Controllers\Pengeluaran.php(17): view('ui/form_pembeli...')
#5 C:\xampp\htdocs\husen\system\CodeIgniter.php(832): App\Controllers\Pengeluaran->pembelianbarang()
#6 C:\xampp\htdocs\husen\system\CodeIgniter.php(419): CodeIgniter\CodeIgniter->runController(Object(App\Controllers\Pengeluaran))
#7 C:\xampp\htdocs\husen\system\CodeIgniter.php(326): CodeIgniter\CodeIgniter->handleRequest(NULL, Object(Config\Cache), false)
#8 C:\xampp\htdocs\husen\public\index.php(37): CodeIgniter\CodeIgniter->run()
#9 C:\xampp\htdocs\husen\system\Commands\Server\rewrite.php(43): require_once('C:\\xampp\\htdocs...')
#10 {main}
CRITICAL - 2022-05-18 01:27:52 --> Undefined variable: barang
#0 C:\xampp\htdocs\husen\app\Views\ui\form_pembelianBarang.php(55): CodeIgniter\Debug\Exceptions->errorHandler(8, 'Undefined varia...', 'C:\\xampp\\htdocs...', 55, Array)
#1 C:\xampp\htdocs\husen\system\View\View.php(210): include('C:\\xampp\\htdocs...')
#2 C:\xampp\htdocs\husen\system\View\View.php(213): CodeIgniter\View\View->CodeIgniter\View\{closure}()
#3 C:\xampp\htdocs\husen\system\Common.php(1089): CodeIgniter\View\View->render('ui/form_pembeli...', Array, true)
#4 C:\xampp\htdocs\husen\app\Controllers\Pengeluaran.php(28): view('ui/form_pembeli...')
#5 C:\xampp\htdocs\husen\system\CodeIgniter.php(832): App\Controllers\Pengeluaran->pembelianbarang()
#6 C:\xampp\htdocs\husen\system\CodeIgniter.php(419): CodeIgniter\CodeIgniter->runController(Object(App\Controllers\Pengeluaran))
#7 C:\xampp\htdocs\husen\system\CodeIgniter.php(326): CodeIgniter\CodeIgniter->handleRequest(NULL, Object(Config\Cache), false)
#8 C:\xampp\htdocs\husen\public\index.php(37): CodeIgniter\CodeIgniter->run()
#9 C:\xampp\htdocs\husen\system\Commands\Server\rewrite.php(43): require_once('C:\\xampp\\htdocs...')
#10 {main}
CRITICAL - 2022-05-18 01:27:56 --> Undefined variable: barang
#0 C:\xampp\htdocs\husen\app\Views\ui\form_pembelianBarang.php(55): CodeIgniter\Debug\Exceptions->errorHandler(8, 'Undefined varia...', 'C:\\xampp\\htdocs...', 55, Array)
#1 C:\xampp\htdocs\husen\system\View\View.php(210): include('C:\\xampp\\htdocs...')
#2 C:\xampp\htdocs\husen\system\View\View.php(213): CodeIgniter\View\View->CodeIgniter\View\{closure}()
#3 C:\xampp\htdocs\husen\system\Common.php(1089): CodeIgniter\View\View->render('ui/form_pembeli...', Array, true)
#4 C:\xampp\htdocs\husen\app\Controllers\Pengeluaran.php(28): view('ui/form_pembeli...')
#5 C:\xampp\htdocs\husen\system\CodeIgniter.php(832): App\Controllers\Pengeluaran->pembelianbarang()
#6 C:\xampp\htdocs\husen\system\CodeIgniter.php(419): CodeIgniter\CodeIgniter->runController(Object(App\Controllers\Pengeluaran))
#7 C:\xampp\htdocs\husen\system\CodeIgniter.php(326): CodeIgniter\CodeIgniter->handleRequest(NULL, Object(Config\Cache), false)
#8 C:\xampp\htdocs\husen\public\index.php(37): CodeIgniter\CodeIgniter->run()
#9 C:\xampp\htdocs\husen\system\Commands\Server\rewrite.php(43): require_once('C:\\xampp\\htdocs...')
#10 {main}
ERROR - 2022-05-18 01:38:18 --> Column 'harga' cannot be null
CRITICAL - 2022-05-18 01:38:18 --> Column 'harga' cannot be null
#0 C:\xampp\htdocs\husen\system\Database\MySQLi\Connection.php(292): mysqli->query('INSERT INTO `pe...', 0)
#1 C:\xampp\htdocs\husen\system\Database\BaseConnection.php(670): CodeIgniter\Database\MySQLi\Connection->execute('INSERT INTO `pe...')
#2 C:\xampp\htdocs\husen\system\Database\BaseConnection.php(598): CodeIgniter\Database\BaseConnection->simpleQuery('INSERT INTO `pe...')
#3 C:\xampp\htdocs\husen\system\Database\BaseBuilder.php(1771): CodeIgniter\Database\BaseConnection->query('INSERT INTO `pe...', Array, false)
#4 C:\xampp\htdocs\husen\system\Model.php(239): CodeIgniter\Database\BaseBuilder->insert()
#5 C:\xampp\htdocs\husen\system\BaseModel.php(738): CodeIgniter\Model->doInsert(Array)
#6 C:\xampp\htdocs\husen\system\Model.php(625): CodeIgniter\BaseModel->insert(Array, false)
#7 C:\xampp\htdocs\husen\system\BaseModel.php(658): CodeIgniter\Model->insert(Array, false)
#8 C:\xampp\htdocs\husen\app\Controllers\Pengeluaran.php(37): CodeIgniter\BaseModel->save(Array)
#9 C:\xampp\htdocs\husen\system\CodeIgniter.php(832): App\Controllers\Pengeluaran->tambahpembelianbarang()
#10 C:\xampp\htdocs\husen\system\CodeIgniter.php(419): CodeIgniter\CodeIgniter->runController(Object(App\Controllers\Pengeluaran))
#11 C:\xampp\htdocs\husen\system\CodeIgniter.php(326): CodeIgniter\CodeIgniter->handleRequest(NULL, Object(Config\Cache), false)
#12 C:\xampp\htdocs\husen\public\index.php(37): CodeIgniter\CodeIgniter->run()
#13 C:\xampp\htdocs\husen\system\Commands\Server\rewrite.php(43): require_once('C:\\xampp\\htdocs...')
#14 {main}
ERROR - 2022-05-18 01:38:52 --> Column 'harga' cannot be null
CRITICAL - 2022-05-18 01:38:52 --> Column 'harga' cannot be null
#0 C:\xampp\htdocs\husen\system\Database\MySQLi\Connection.php(292): mysqli->query('INSERT INTO `pe...', 0)
#1 C:\xampp\htdocs\husen\system\Database\BaseConnection.php(670): CodeIgniter\Database\MySQLi\Connection->execute('INSERT INTO `pe...')
#2 C:\xampp\htdocs\husen\system\Database\BaseConnection.php(598): CodeIgniter\Database\BaseConnection->simpleQuery('INSERT INTO `pe...')
#3 C:\xampp\htdocs\husen\system\Database\BaseBuilder.php(1771): CodeIgniter\Database\BaseConnection->query('INSERT INTO `pe...', Array, false)
#4 C:\xampp\htdocs\husen\system\Model.php(239): CodeIgniter\Database\BaseBuilder->insert()
#5 C:\xampp\htdocs\husen\system\BaseModel.php(738): CodeIgniter\Model->doInsert(Array)
#6 C:\xampp\htdocs\husen\system\Model.php(625): CodeIgniter\BaseModel->insert(Array, false)
#7 C:\xampp\htdocs\husen\system\BaseModel.php(658): CodeIgniter\Model->insert(Array, false)
#8 C:\xampp\htdocs\husen\app\Controllers\Pengeluaran.php(37): CodeIgniter\BaseModel->save(Array)
#9 C:\xampp\htdocs\husen\system\CodeIgniter.php(832): App\Controllers\Pengeluaran->tambahpembelianbarang()
#10 C:\xampp\htdocs\husen\system\CodeIgniter.php(419): CodeIgniter\CodeIgniter->runController(Object(App\Controllers\Pengeluaran))
#11 C:\xampp\htdocs\husen\system\CodeIgniter.php(326): CodeIgniter\CodeIgniter->handleRequest(NULL, Object(Config\Cache), false)
#12 C:\xampp\htdocs\husen\public\index.php(37): CodeIgniter\CodeIgniter->run()
#13 C:\xampp\htdocs\husen\system\Commands\Server\rewrite.php(43): require_once('C:\\xampp\\htdocs...')
#14 {main}
CRITICAL - 2022-05-18 01:43:31 --> Class 'App\Models\BiayaOverheadModel' not found
#0 C:\xampp\htdocs\husen\system\CodeIgniter.php(832): App\Controllers\Pengeluaran->tambahbiayaoverhead()
#1 C:\xampp\htdocs\husen\system\CodeIgniter.php(419): CodeIgniter\CodeIgniter->runController(Object(App\Controllers\Pengeluaran))
#2 C:\xampp\htdocs\husen\system\CodeIgniter.php(326): CodeIgniter\CodeIgniter->handleRequest(NULL, Object(Config\Cache), false)
#3 C:\xampp\htdocs\husen\public\index.php(37): CodeIgniter\CodeIgniter->run()
#4 C:\xampp\htdocs\husen\system\Commands\Server\rewrite.php(43): require_once('C:\\xampp\\htdocs...')
#5 {main}
CRITICAL - 2022-05-18 01:45:30 --> Class 'App\Models\BiayaOverheadModel' not found
#0 C:\xampp\htdocs\husen\system\CodeIgniter.php(832): App\Controllers\Pengeluaran->tambahbiayaoverhead()
#1 C:\xampp\htdocs\husen\system\CodeIgniter.php(419): CodeIgniter\CodeIgniter->runController(Object(App\Controllers\Pengeluaran))
#2 C:\xampp\htdocs\husen\system\CodeIgniter.php(326): CodeIgniter\CodeIgniter->handleRequest(NULL, Object(Config\Cache), false)
#3 C:\xampp\htdocs\husen\public\index.php(37): CodeIgniter\CodeIgniter->run()
#4 C:\xampp\htdocs\husen\system\Commands\Server\rewrite.php(43): require_once('C:\\xampp\\htdocs...')
#5 {main}
CRITICAL - 2022-05-18 01:47:18 --> Class 'App\Models\BiayaOverheadModel' not found
#0 C:\xampp\htdocs\husen\system\CodeIgniter.php(832): App\Controllers\Pengeluaran->tambahbiayaoverhead()
#1 C:\xampp\htdocs\husen\system\CodeIgniter.php(419): CodeIgniter\CodeIgniter->runController(Object(App\Controllers\Pengeluaran))
#2 C:\xampp\htdocs\husen\system\CodeIgniter.php(326): CodeIgniter\CodeIgniter->handleRequest(NULL, Object(Config\Cache), false)
#3 C:\xampp\htdocs\husen\public\index.php(37): CodeIgniter\CodeIgniter->run()
#4 C:\xampp\htdocs\husen\system\Commands\Server\rewrite.php(43): require_once('C:\\xampp\\htdocs...')
#5 {main}
