CRITICAL - 2022-04-26 23:34:19 --> syntax error, unexpected variable "$db", expecting "function" or "const"
#0 C:\xampp\htdocs\husen\system\Autoloader\Autoloader.php(241): CodeIgniter\Autoloader\Autoloader->includeFile('C:\\xampp\\htdocs...')
#1 C:\xampp\htdocs\husen\system\Autoloader\Autoloader.php(219): CodeIgniter\Autoloader\Autoloader->loadInNamespace('App\\Models\\Home...')
#2 C:\xampp\htdocs\husen\app\Controllers\Home.php(9): CodeIgniter\Autoloader\Autoloader->loadClass('App\\Models\\Home...')
#3 C:\xampp\htdocs\husen\system\CodeIgniter.php(832): App\Controllers\Home->index()
#4 C:\xampp\htdocs\husen\system\CodeIgniter.php(419): CodeIgniter\CodeIgniter->runController(Object(App\Controllers\Home))
#5 C:\xampp\htdocs\husen\system\CodeIgniter.php(326): CodeIgniter\CodeIgniter->handleRequest(NULL, Object(Config\Cache), false)
#6 C:\xampp\htdocs\husen\public\index.php(37): CodeIgniter\CodeIgniter->run()
#7 C:\xampp\htdocs\husen\system\Commands\Server\rewrite.php(43): require_once('C:\\xampp\\htdocs...')
#8 {main}
CRITICAL - 2022-04-26 23:55:21 --> Undefined property: App\Controllers\Databarang::$load
#0 C:\xampp\htdocs\husen\app\Controllers\Databarang.php(8): CodeIgniter\Debug\Exceptions->errorHandler(2, 'Undefined prope...', 'C:\\xampp\\htdocs...', 8)
#1 C:\xampp\htdocs\husen\system\CodeIgniter.php(832): App\Controllers\Databarang->index()
#2 C:\xampp\htdocs\husen\system\CodeIgniter.php(419): CodeIgniter\CodeIgniter->runController(Object(App\Controllers\Databarang))
#3 C:\xampp\htdocs\husen\system\CodeIgniter.php(326): CodeIgniter\CodeIgniter->handleRequest(NULL, Object(Config\Cache), false)
#4 C:\xampp\htdocs\husen\public\index.php(37): CodeIgniter\CodeIgniter->run()
#5 C:\xampp\htdocs\husen\system\Commands\Server\rewrite.php(43): require_once('C:\\xampp\\htdocs...')
#6 {main}
CRITICAL - 2022-04-26 23:55:22 --> Undefined property: App\Controllers\Databarang::$load
#0 C:\xampp\htdocs\husen\app\Controllers\Databarang.php(8): CodeIgniter\Debug\Exceptions->errorHandler(2, 'Undefined prope...', 'C:\\xampp\\htdocs...', 8)
#1 C:\xampp\htdocs\husen\system\CodeIgniter.php(832): App\Controllers\Databarang->index()
#2 C:\xampp\htdocs\husen\system\CodeIgniter.php(419): CodeIgniter\CodeIgniter->runController(Object(App\Controllers\Databarang))
#3 C:\xampp\htdocs\husen\system\CodeIgniter.php(326): CodeIgniter\CodeIgniter->handleRequest(NULL, Object(Config\Cache), false)
#4 C:\xampp\htdocs\husen\public\index.php(37): CodeIgniter\CodeIgniter->run()
#5 C:\xampp\htdocs\husen\system\Commands\Server\rewrite.php(43): require_once('C:\\xampp\\htdocs...')
#6 {main}
CRITICAL - 2022-04-26 23:55:33 --> Undefined property: App\Controllers\Databarang::$load
#0 C:\xampp\htdocs\husen\app\Controllers\Databarang.php(8): CodeIgniter\Debug\Exceptions->errorHandler(2, 'Undefined prope...', 'C:\\xampp\\htdocs...', 8)
#1 C:\xampp\htdocs\husen\system\CodeIgniter.php(832): App\Controllers\Databarang->index()
#2 C:\xampp\htdocs\husen\system\CodeIgniter.php(419): CodeIgniter\CodeIgniter->runController(Object(App\Controllers\Databarang))
#3 C:\xampp\htdocs\husen\system\CodeIgniter.php(326): CodeIgniter\CodeIgniter->handleRequest(NULL, Object(Config\Cache), false)
#4 C:\xampp\htdocs\husen\public\index.php(37): CodeIgniter\CodeIgniter->run()
#5 C:\xampp\htdocs\husen\system\Commands\Server\rewrite.php(43): require_once('C:\\xampp\\htdocs...')
#6 {main}
CRITICAL - 2022-04-26 23:56:46 --> Undefined property: App\Controllers\Databarang::$load
#0 C:\xampp\htdocs\husen\app\Controllers\Databarang.php(8): CodeIgniter\Debug\Exceptions->errorHandler(2, 'Undefined prope...', 'C:\\xampp\\htdocs...', 8)
#1 C:\xampp\htdocs\husen\system\CodeIgniter.php(832): App\Controllers\Databarang->index()
#2 C:\xampp\htdocs\husen\system\CodeIgniter.php(419): CodeIgniter\CodeIgniter->runController(Object(App\Controllers\Databarang))
#3 C:\xampp\htdocs\husen\system\CodeIgniter.php(326): CodeIgniter\CodeIgniter->handleRequest(NULL, Object(Config\Cache), false)
#4 C:\xampp\htdocs\husen\public\index.php(37): CodeIgniter\CodeIgniter->run()
#5 C:\xampp\htdocs\husen\system\Commands\Server\rewrite.php(43): require_once('C:\\xampp\\htdocs...')
#6 {main}
CRITICAL - 2022-04-26 23:57:52 --> Undefined property: App\Controllers\Databarang::$load
#0 C:\xampp\htdocs\husen\app\Controllers\Databarang.php(8): CodeIgniter\Debug\Exceptions->errorHandler(2, 'Undefined prope...', 'C:\\xampp\\htdocs...', 8)
#1 C:\xampp\htdocs\husen\system\CodeIgniter.php(832): App\Controllers\Databarang->index()
#2 C:\xampp\htdocs\husen\system\CodeIgniter.php(419): CodeIgniter\CodeIgniter->runController(Object(App\Controllers\Databarang))
#3 C:\xampp\htdocs\husen\system\CodeIgniter.php(326): CodeIgniter\CodeIgniter->handleRequest(NULL, Object(Config\Cache), false)
#4 C:\xampp\htdocs\husen\public\index.php(37): CodeIgniter\CodeIgniter->run()
#5 C:\xampp\htdocs\husen\system\Commands\Server\rewrite.php(43): require_once('C:\\xampp\\htdocs...')
#6 {main}
CRITICAL - 2022-04-26 23:58:02 --> Undefined property: App\Controllers\Databarang::$load
#0 C:\xampp\htdocs\husen\app\Controllers\Databarang.php(8): CodeIgniter\Debug\Exceptions->errorHandler(2, 'Undefined prope...', 'C:\\xampp\\htdocs...', 8)
#1 C:\xampp\htdocs\husen\system\CodeIgniter.php(832): App\Controllers\Databarang->index()
#2 C:\xampp\htdocs\husen\system\CodeIgniter.php(419): CodeIgniter\CodeIgniter->runController(Object(App\Controllers\Databarang))
#3 C:\xampp\htdocs\husen\system\CodeIgniter.php(326): CodeIgniter\CodeIgniter->handleRequest(NULL, Object(Config\Cache), false)
#4 C:\xampp\htdocs\husen\public\index.php(37): CodeIgniter\CodeIgniter->run()
#5 C:\xampp\htdocs\husen\system\Commands\Server\rewrite.php(43): require_once('C:\\xampp\\htdocs...')
#6 {main}
CRITICAL - 2022-04-26 23:58:16 --> Undefined property: App\Controllers\Databarang::$load
#0 C:\xampp\htdocs\husen\app\Controllers\Databarang.php(8): CodeIgniter\Debug\Exceptions->errorHandler(2, 'Undefined prope...', 'C:\\xampp\\htdocs...', 8)
#1 C:\xampp\htdocs\husen\system\CodeIgniter.php(832): App\Controllers\Databarang->index()
#2 C:\xampp\htdocs\husen\system\CodeIgniter.php(419): CodeIgniter\CodeIgniter->runController(Object(App\Controllers\Databarang))
#3 C:\xampp\htdocs\husen\system\CodeIgniter.php(326): CodeIgniter\CodeIgniter->handleRequest(NULL, Object(Config\Cache), false)
#4 C:\xampp\htdocs\husen\public\index.php(37): CodeIgniter\CodeIgniter->run()
#5 C:\xampp\htdocs\husen\system\Commands\Server\rewrite.php(43): require_once('C:\\xampp\\htdocs...')
#6 {main}
CRITICAL - 2022-04-26 23:58:43 --> Undefined property: App\Controllers\Databarang::$load
#0 C:\xampp\htdocs\husen\app\Controllers\Databarang.php(8): CodeIgniter\Debug\Exceptions->errorHandler(2, 'Undefined prope...', 'C:\\xampp\\htdocs...', 8)
#1 C:\xampp\htdocs\husen\system\CodeIgniter.php(832): App\Controllers\Databarang->index()
#2 C:\xampp\htdocs\husen\system\CodeIgniter.php(419): CodeIgniter\CodeIgniter->runController(Object(App\Controllers\Databarang))
#3 C:\xampp\htdocs\husen\system\CodeIgniter.php(326): CodeIgniter\CodeIgniter->handleRequest(NULL, Object(Config\Cache), false)
#4 C:\xampp\htdocs\husen\public\index.php(37): CodeIgniter\CodeIgniter->run()
#5 C:\xampp\htdocs\husen\system\Commands\Server\rewrite.php(43): require_once('C:\\xampp\\htdocs...')
#6 {main}
CRITICAL - 2022-04-26 23:58:44 --> Undefined property: App\Controllers\Databarang::$load
#0 C:\xampp\htdocs\husen\app\Controllers\Databarang.php(8): CodeIgniter\Debug\Exceptions->errorHandler(2, 'Undefined prope...', 'C:\\xampp\\htdocs...', 8)
#1 C:\xampp\htdocs\husen\system\CodeIgniter.php(832): App\Controllers\Databarang->index()
#2 C:\xampp\htdocs\husen\system\CodeIgniter.php(419): CodeIgniter\CodeIgniter->runController(Object(App\Controllers\Databarang))
#3 C:\xampp\htdocs\husen\system\CodeIgniter.php(326): CodeIgniter\CodeIgniter->handleRequest(NULL, Object(Config\Cache), false)
#4 C:\xampp\htdocs\husen\public\index.php(37): CodeIgniter\CodeIgniter->run()
#5 C:\xampp\htdocs\husen\system\Commands\Server\rewrite.php(43): require_once('C:\\xampp\\htdocs...')
#6 {main}
CRITICAL - 2022-04-26 23:58:51 --> Undefined property: App\Controllers\Databarang::$load
#0 C:\xampp\htdocs\husen\app\Controllers\Databarang.php(8): CodeIgniter\Debug\Exceptions->errorHandler(2, 'Undefined prope...', 'C:\\xampp\\htdocs...', 8)
#1 C:\xampp\htdocs\husen\system\CodeIgniter.php(832): App\Controllers\Databarang->index()
#2 C:\xampp\htdocs\husen\system\CodeIgniter.php(419): CodeIgniter\CodeIgniter->runController(Object(App\Controllers\Databarang))
#3 C:\xampp\htdocs\husen\system\CodeIgniter.php(326): CodeIgniter\CodeIgniter->handleRequest(NULL, Object(Config\Cache), false)
#4 C:\xampp\htdocs\husen\public\index.php(37): CodeIgniter\CodeIgniter->run()
#5 C:\xampp\htdocs\husen\system\Commands\Server\rewrite.php(43): require_once('C:\\xampp\\htdocs...')
#6 {main}
CRITICAL - 2022-04-26 23:58:56 --> Undefined property: App\Controllers\Databarang::$load
#0 C:\xampp\htdocs\husen\app\Controllers\Databarang.php(8): CodeIgniter\Debug\Exceptions->errorHandler(2, 'Undefined prope...', 'C:\\xampp\\htdocs...', 8)
#1 C:\xampp\htdocs\husen\system\CodeIgniter.php(832): App\Controllers\Databarang->index()
#2 C:\xampp\htdocs\husen\system\CodeIgniter.php(419): CodeIgniter\CodeIgniter->runController(Object(App\Controllers\Databarang))
#3 C:\xampp\htdocs\husen\system\CodeIgniter.php(326): CodeIgniter\CodeIgniter->handleRequest(NULL, Object(Config\Cache), false)
#4 C:\xampp\htdocs\husen\public\index.php(37): CodeIgniter\CodeIgniter->run()
#5 C:\xampp\htdocs\husen\system\Commands\Server\rewrite.php(43): require_once('C:\\xampp\\htdocs...')
#6 {main}
